Running php-build composer
WARNING! Your password will be stored unencrypted in /home/runner/.docker/config.json.
Configure a credential helper to remove this warning. See
https://docs.docker.com/engine/reference/commandline/login/#credentials-store

Login Succeeded
Pulling docker.pkg.github.com/incudata-loghy/loghy-php/php-actions_composer_loghy-php:php-latest-build2
WARNING: ⚠️ Failed to pull manifest by the resolved digest. This registry does not
	appear to conform to the distribution registry specification; falling back to
	pull by tag.  This fallback is DEPRECATED, and will be removed in a future
	release.  Please contact admins of https://docker.pkg.github.com. ⚠️

php-latest-build2: Pulling from incudata-loghy/loghy-php/php-actions_composer_loghy-php
59bf1c3509f3: Pulling fs layer
7c7da25b2876: Pulling fs layer
2bc599114627: Pulling fs layer
927a0b37a45a: Pulling fs layer
bd7ecd6ffc45: Pulling fs layer
82231b0b91da: Pulling fs layer
1a89f2332b32: Pulling fs layer
1ecef5521386: Pulling fs layer
7373dc73be62: Pulling fs layer
67aefa2ca78e: Pulling fs layer
927a0b37a45a: Waiting
bd7ecd6ffc45: Waiting
82231b0b91da: Waiting
1a89f2332b32: Waiting
1ecef5521386: Waiting
7373dc73be62: Waiting
67aefa2ca78e: Waiting
2bc599114627: Verifying Checksum
2bc599114627: Download complete
7c7da25b2876: Download complete
59bf1c3509f3: Verifying Checksum
59bf1c3509f3: Download complete
59bf1c3509f3: Pull complete
927a0b37a45a: Verifying Checksum
927a0b37a45a: Download complete
7c7da25b2876: Pull complete
2bc599114627: Pull complete
927a0b37a45a: Pull complete
82231b0b91da: Verifying Checksum
82231b0b91da: Download complete
bd7ecd6ffc45: Verifying Checksum
bd7ecd6ffc45: Download complete
1ecef5521386: Verifying Checksum
1ecef5521386: Download complete
bd7ecd6ffc45: Pull complete
82231b0b91da: Pull complete
7373dc73be62: Verifying Checksum
7373dc73be62: Download complete
1a89f2332b32: Verifying Checksum
1a89f2332b32: Download complete
67aefa2ca78e: Verifying Checksum
67aefa2ca78e: Download complete
1a89f2332b32: Pull complete
1ecef5521386: Pull complete
7373dc73be62: Pull complete
67aefa2ca78e: Pull complete
Digest: sha256:0b154dd747d9dbc9f720747bf2a78c9f4b403d8933693103f080cfee5844853a
Status: Downloaded newer image for docker.pkg.github.com/incudata-loghy/loghy-php/php-actions_composer_loghy-php:php-latest-build2
docker.pkg.github.com/incudata-loghy/loghy-php/php-actions_composer_loghy-php:php-latest-build2
Docker tag: docker.pkg.github.com/incudata-loghy/loghy-php/php-actions_composer_loghy-php:php-latest-build2
No private keys supplied
Command: composer install --no-progress --no-interaction
